<?xml version="1.0" encoding="utf-8"?><testsuites name="pytest tests"><testsuite name="pytest" errors="0" failures="0" skipped="0" tests="12" time="2.924" timestamp="2026-05-03T23:05:03.933033+00:00" hostname="agent-env-3f50b00c-668c-4000-a86d-e0765cd7d817"><testcase classname="backend.tests.backend_test" name="test_root" time="0.371" /><testcase classname="backend.tests.backend_test" name="test_create_ride_and_get" time="0.177" /><testcase classname="backend.tests.backend_test" name="test_validation_km_zero" time="0.051" /><testcase classname="backend.tests.backend_test" name="test_validation_km_negative" time="0.054" /><testcase classname="backend.tests.backend_test" name="test_validation_bad_date" time="0.050" /><testcase classname="backend.tests.backend_test" name="test_summary" time="0.111" /><testcase classname="backend.tests.backend_test" name="test_delete_ride" time="0.158" /><testcase classname="backend.tests.backend_test" name="test_delete_nonexistent" time="0.051" /><testcase classname="backend.tests.backend_test" name="test_summary_has_streak_fields" time="0.054" /><testcase classname="backend.tests.backend_test" name="test_streak_walk_back_skips_incomplete_current" time="0.472" /><testcase classname="backend.tests.backend_test" name="test_streak_gap_breaks" time="0.495" /><testcase classname="backend.tests.backend_test" name="test_streak_under_goal_does_not_count" time="0.361" /></testsuite></testsuites>