<?xml version="1.0" encoding="utf-8"?><testsuites name="pytest tests"><testsuite name="pytest" errors="0" failures="0" skipped="0" tests="8" time="1.652" timestamp="2026-05-03T22:54:04.791967+00:00" hostname="agent-env-3f50b00c-668c-4000-a86d-e0765cd7d817"><testcase classname="backend.tests.backend_test" name="test_root" time="0.449" /><testcase classname="backend.tests.backend_test" name="test_create_ride_and_get" time="0.167" /><testcase classname="backend.tests.backend_test" name="test_validation_km_zero" time="0.059" /><testcase classname="backend.tests.backend_test" name="test_validation_km_negative" time="0.049" /><testcase classname="backend.tests.backend_test" name="test_validation_bad_date" time="0.046" /><testcase classname="backend.tests.backend_test" name="test_summary" time="0.123" /><testcase classname="backend.tests.backend_test" name="test_delete_ride" time="0.155" /><testcase classname="backend.tests.backend_test" name="test_delete_nonexistent" time="0.200" /></testsuite></testsuites>